<?xml version="1.0" encoding="UTF-8"?>
<testng-results ignored="0" total="7" passed="7" failed="0" skipped="0">
  <reporter-output>
  </reporter-output>
  <suite started-at="2022-12-22T13:03:34 IST" name="CNBCSuite" finished-at="2022-12-22T13:05:00 IST" duration-ms="85428">
    <groups>
    </groups>
    <test started-at="2022-12-22T13:03:34 IST" name="CNBCTest" finished-at="2022-12-22T13:05:00 IST" duration-ms="85428">
      <class name="testCases.TC_001_AccountRegistrationTest">
        <test-method is-config="true" signature="setup(java.lang.String)[pri:0, instance:testCases.TC_001_AccountRegistrationTest@23c30a20]" started-at="2022-12-22T13:03:35 IST" name="setup" finished-at="2022-12-22T13:03:45 IST" duration-ms="9491" status="PASS">
          <params>
            <param index="0">
              <value>
                <![CDATA[chrome]]>
              </value>
            </param>
          </params>
          <reporter-output>
          </reporter-output>
        </test-method> <!-- setup -->
        <test-method signature="test_account_Registration()[pri:0, instance:testCases.TC_001_AccountRegistrationTest@23c30a20]" started-at="2022-12-22T13:03:45 IST" name="test_account_Registration" finished-at="2022-12-22T13:03:58 IST" duration-ms="12979" status="PASS">
          <reporter-output>
          </reporter-output>
        </test-method> <!-- test_account_Registration -->
        <test-method is-config="true" signature="tearDown()[pri:0, instance:testCases.TC_001_AccountRegistrationTest@23c30a20]" started-at="2022-12-22T13:03:58 IST" name="tearDown" finished-at="2022-12-22T13:03:58 IST" duration-ms="585" status="PASS">
          <reporter-output>
          </reporter-output>
        </test-method> <!-- tearDown -->
      </class> <!-- testCases.TC_001_AccountRegistrationTest -->
      <class name="testCases.TC_002_ProfileTest">
        <test-method is-config="true" signature="setup(java.lang.String)[pri:0, instance:testCases.TC_002_ProfileTest@27462a88]" started-at="2022-12-22T13:03:58 IST" name="setup" finished-at="2022-12-22T13:04:04 IST" duration-ms="5438" status="PASS">
          <params>
            <param index="0">
              <value>
                <![CDATA[chrome]]>
              </value>
            </param>
          </params>
          <reporter-output>
          </reporter-output>
        </test-method> <!-- setup -->
        <test-method signature="test_Login()[pri:0, instance:testCases.TC_002_ProfileTest@27462a88]" started-at="2022-12-22T13:04:04 IST" name="test_Login" finished-at="2022-12-22T13:04:24 IST" duration-ms="20232" status="PASS">
          <reporter-output>
          </reporter-output>
        </test-method> <!-- test_Login -->
        <test-method signature="test_ContactInfo(java.lang.String,java.lang.String,java.lang.String)[pri:1, instance:testCases.TC_002_ProfileTest@27462a88]" started-at="2022-12-22T13:04:26 IST" name="test_ContactInfo" data-provider="ContactData" finished-at="2022-12-22T13:04:39 IST" duration-ms="12390" status="PASS">
          <params>
            <param index="0">
              <value>
                <![CDATA[Sandeep]]>
              </value>
            </param>
            <param index="1">
              <value>
                <![CDATA[Patil]]>
              </value>
            </param>
            <param index="2">
              <value>
                <![CDATA[Valid]]>
              </value>
            </param>
          </params>
          <reporter-output>
          </reporter-output>
        </test-method> <!-- test_ContactInfo -->
        <test-method signature="test_ContactInfo(java.lang.String,java.lang.String,java.lang.String)[pri:1, instance:testCases.TC_002_ProfileTest@27462a88]" started-at="2022-12-22T13:04:39 IST" name="test_ContactInfo" data-provider="ContactData" finished-at="2022-12-22T13:04:43 IST" duration-ms="4860" status="PASS">
          <params>
            <param index="0">
              <value>
                <![CDATA[Sandeep]]>
              </value>
            </param>
            <param index="1">
              <value>
                <![CDATA[%%%%]]>
              </value>
            </param>
            <param index="2">
              <value>
                <![CDATA[Invalid]]>
              </value>
            </param>
          </params>
          <reporter-output>
          </reporter-output>
        </test-method> <!-- test_ContactInfo -->
        <test-method signature="test_ContactInfo(java.lang.String,java.lang.String,java.lang.String)[pri:1, instance:testCases.TC_002_ProfileTest@27462a88]" started-at="2022-12-22T13:04:43 IST" name="test_ContactInfo" data-provider="ContactData" finished-at="2022-12-22T13:04:48 IST" duration-ms="4813" status="PASS">
          <params>
            <param index="0">
              <value>
                <![CDATA[1234]]>
              </value>
            </param>
            <param index="1">
              <value>
                <![CDATA[Patil]]>
              </value>
            </param>
            <param index="2">
              <value>
                <![CDATA[Invalid]]>
              </value>
            </param>
          </params>
          <reporter-output>
          </reporter-output>
        </test-method> <!-- test_ContactInfo -->
        <test-method signature="test_ContactInfo(java.lang.String,java.lang.String,java.lang.String)[pri:1, instance:testCases.TC_002_ProfileTest@27462a88]" started-at="2022-12-22T13:04:48 IST" name="test_ContactInfo" data-provider="ContactData" finished-at="2022-12-22T13:04:54 IST" duration-ms="5557" status="PASS">
          <params>
            <param index="0">
              <value>
                <![CDATA[Sandeep]]>
              </value>
            </param>
            <param index="1">
              <value>
                <![CDATA[]]>
              </value>
            </param>
            <param index="2">
              <value>
                <![CDATA[Invalid]]>
              </value>
            </param>
          </params>
          <reporter-output>
          </reporter-output>
        </test-method> <!-- test_ContactInfo -->
        <test-method signature="test_ResetPass(java.lang.String,java.lang.String,java.lang.String)[pri:2, instance:testCases.TC_002_ProfileTest@27462a88]" started-at="2022-12-22T13:04:54 IST" name="test_ResetPass" data-provider="PasswordData" finished-at="2022-12-22T13:04:59 IST" duration-ms="5277" status="PASS">
          <params>
            <param index="0">
              <value>
                <![CDATA[Testing@1234567810]]>
              </value>
            </param>
            <param index="1">
              <value>
                <![CDATA[Testing@123456789]]>
              </value>
            </param>
            <param index="2">
              <value>
                <![CDATA[Testing@123456789]]>
              </value>
            </param>
          </params>
          <reporter-output>
          </reporter-output>
        </test-method> <!-- test_ResetPass -->
        <test-method is-config="true" signature="tearDown()[pri:0, instance:testCases.TC_002_ProfileTest@27462a88]" started-at="2022-12-22T13:04:59 IST" name="tearDown" finished-at="2022-12-22T13:05:00 IST" duration-ms="628" status="PASS">
          <reporter-output>
          </reporter-output>
        </test-method> <!-- tearDown -->
      </class> <!-- testCases.TC_002_ProfileTest -->
    </test> <!-- CNBCTest -->
  </suite> <!-- CNBCSuite -->
</testng-results>
