<?xml version="1.0" encoding="UTF-8"?>
<!-- Generated by org.testng.reporters.JUnitXMLReporter -->
<testsuite ignored="0" hostname="DESKTOP-50N7NP6" failures="0" tests="7" name="CNBCTest" time="85.428" errors="0" timestamp="2022-12-22T13:05:00 IST">
  <testcase classname="testCases.TC_001_AccountRegistrationTest" name="test_account_Registration" time="12.979"/>
  <testcase classname="testCases.TC_002_ProfileTest" name="test_Login" time="20.232"/>
  <testcase classname="testCases.TC_002_ProfileTest" name="test_ContactInfo" time="12.39"/>
  <testcase classname="testCases.TC_002_ProfileTest" name="test_ContactInfo" time="4.86"/>
  <testcase classname="testCases.TC_002_ProfileTest" name="test_ContactInfo" time="4.813"/>
  <testcase classname="testCases.TC_002_ProfileTest" name="test_ContactInfo" time="5.557"/>
  <testcase classname="testCases.TC_002_ProfileTest" name="test_ResetPass" time="5.277"/>
</testsuite> <!-- CNBCTest -->
